Analysis & Synthesis report for PU3
Sat Jun 10 17:05:48 2017
Quartus II 64-Bit Version 13.0.1 Build 232 06/12/2013 Service Pack 1 SJ Full Version


---------------------
; Table of Contents ;
---------------------
  1. Legal Notice
  2. Analysis & Synthesis Summary
  3. Analysis & Synthesis Settings
  4. Analysis & Synthesis Source Files Read
  5. Analysis & Synthesis Resource Usage Summary
  6. Analysis & Synthesis Resource Utilization by Entity
  7. Analysis & Synthesis IP Cores Summary
  8. General Register Statistics
  9. Parameter Settings for User Entity Instance: lpm_compare2:inst2|lpm_compare:LPM_COMPARE_component
 10. Parameter Settings for User Entity Instance: lpm_counter2:inst|lpm_counter:LPM_COUNTER_component
 11. Elapsed Time Per Partition
 12. Analysis & Synthesis Messages



----------------
; Legal Notice ;
----------------
Copyright (C) 1991-2013 Altera Corporation
Your use of Altera Corporation's design tools, logic functions 
and other software and tools, and its AMPP partner logic 
functions, and any output files from any of the foregoing 
(including device programming or simulation files), and any 
associated documentation or information are expressly subject 
to the terms and conditions of the Altera Program License 
Subscription Agreement, Altera MegaCore Function License 
Agreement, or other applicable license agreement, including, 
without limitation, that your use is for the sole purpose of 
programming logic devices manufactured by Altera and sold by 
Altera or its authorized distributors.  Please refer to the 
applicable agreement for further details.



+---------------------------------------------------------------------------------------+
; Analysis & Synthesis Summary                                                          ;
+------------------------------------+--------------------------------------------------+
; Analysis & Synthesis Status        ; Successful - Sat Jun 10 17:05:48 2017            ;
; Quartus II 64-Bit Version          ; 13.0.1 Build 232 06/12/2013 SP 1 SJ Full Version ;
; Revision Name                      ; PU3                                              ;
; Top-level Entity Name              ; pwm                                              ;
; Family                             ; Cyclone II                                       ;
; Total logic elements               ; 24                                               ;
;     Total combinational functions  ; 24                                               ;
;     Dedicated logic registers      ; 7                                                ;
; Total registers                    ; 7                                                ;
; Total pins                         ; 16                                               ;
; Total virtual pins                 ; 0                                                ;
; Total memory bits                  ; 0                                                ;
; Embedded Multiplier 9-bit elements ; 0                                                ;
; Total PLLs                         ; 0                                                ;
+------------------------------------+--------------------------------------------------+


+----------------------------------------------------------------------------------------------------------------------+
; Analysis & Synthesis Settings                                                                                        ;
+----------------------------------------------------------------------------+--------------------+--------------------+
; Option                                                                     ; Setting            ; Default Value      ;
+----------------------------------------------------------------------------+--------------------+--------------------+
; Device                                                                     ; EP2C35F672C6       ;                    ;
; Top-level entity name                                                      ; pwm                ; PU3                ;
; Family name                                                                ; Cyclone II         ; Cyclone IV GX      ;
; Use smart compilation                                                      ; Off                ; Off                ;
; Enable parallel Assembler and TimeQuest Timing Analyzer during compilation ; On                 ; On                 ;
; Enable compact report table                                                ; Off                ; Off                ;
; Restructure Multiplexers                                                   ; Auto               ; Auto               ;
; Create Debugging Nodes for IP Cores                                        ; Off                ; Off                ;
; Preserve fewer node names                                                  ; On                 ; On                 ;
; Disable OpenCore Plus hardware evaluation                                  ; Off                ; Off                ;
; Verilog Version                                                            ; Verilog_2001       ; Verilog_2001       ;
; VHDL Version                                                               ; VHDL_1993          ; VHDL_1993          ;
; State Machine Processing                                                   ; Auto               ; Auto               ;
; Safe State Machine                                                         ; Off                ; Off                ;
; Extract Verilog State Machines                                             ; On                 ; On                 ;
; Extract VHDL State Machines                                                ; On                 ; On                 ;
; Ignore Verilog initial constructs                                          ; Off                ; Off                ;
; Iteration limit for constant Verilog loops                                 ; 5000               ; 5000               ;
; Iteration limit for non-constant Verilog loops                             ; 250                ; 250                ;
; Add Pass-Through Logic to Inferred RAMs                                    ; On                 ; On                 ;
; Infer RAMs from Raw Logic                                                  ; On                 ; On                 ;
; Parallel Synthesis                                                         ; On                 ; On                 ;
; DSP Block Balancing                                                        ; Auto               ; Auto               ;
; NOT Gate Push-Back                                                         ; On                 ; On                 ;
; Power-Up Don't Care                                                        ; On                 ; On                 ;
; Remove Redundant Logic Cells                                               ; Off                ; Off                ;
; Remove Duplicate Registers                                                 ; On                 ; On                 ;
; Ignore CARRY Buffers                                                       ; Off                ; Off                ;
; Ignore CASCADE Buffers                                                     ; Off                ; Off                ;
; Ignore GLOBAL Buffers                                                      ; Off                ; Off                ;
; Ignore ROW GLOBAL Buffers                                                  ; Off                ; Off                ;
; Ignore LCELL Buffers                                                       ; Off                ; Off                ;
; Ignore SOFT Buffers                                                        ; On                 ; On                 ;
; Limit AHDL Integers to 32 Bits                                             ; Off                ; Off                ;
; Optimization Technique                                                     ; Balanced           ; Balanced           ;
; Carry Chain Length                                                         ; 70                 ; 70                 ;
; Auto Carry Chains                                                          ; On                 ; On                 ;
; Auto Open-Drain Pins                                                       ; On                 ; On                 ;
; Perform WYSIWYG Primitive Resynthesis                                      ; Off                ; Off                ;
; Auto ROM Replacement                                                       ; On                 ; On                 ;
; Auto RAM Replacement                                                       ; On                 ; On                 ;
; Auto Shift Register Replacement                                            ; Auto               ; Auto               ;
; Allow Shift Register Merging across Hierarchies                            ; Auto               ; Auto               ;
; Auto Clock Enable Replacement                                              ; On                 ; On                 ;
; Strict RAM Replacement                                                     ; Off                ; Off                ;
; Allow Synchronous Control Signals                                          ; On                 ; On                 ;
; Force Use of Synchronous Clear Signals                                     ; Off                ; Off                ;
; Auto RAM to Logic Cell Conversion                                          ; Off                ; Off                ;
; Auto Resource Sharing                                                      ; Off                ; Off                ;
; Allow Any RAM Size For Recognition                                         ; Off                ; Off                ;
; Allow Any ROM Size For Recognition                                         ; Off                ; Off                ;
; Allow Any Shift Register Size For Recognition                              ; Off                ; Off                ;
; Use LogicLock Constraints during Resource Balancing                        ; On                 ; On                 ;
; Ignore translate_off and synthesis_off directives                          ; Off                ; Off                ;
; Timing-Driven Synthesis                                                    ; Off                ; Off                ;
; Report Parameter Settings                                                  ; On                 ; On                 ;
; Report Source Assignments                                                  ; On                 ; On                 ;
; Report Connectivity Checks                                                 ; On                 ; On                 ;
; Ignore Maximum Fan-Out Assignments                                         ; Off                ; Off                ;
; Synchronization Register Chain Length                                      ; 2                  ; 2                  ;
; PowerPlay Power Optimization                                               ; Normal compilation ; Normal compilation ;
; HDL message level                                                          ; Level2             ; Level2             ;
; Suppress Register Optimization Related Messages                            ; Off                ; Off                ;
; Number of Removed Registers Reported in Synthesis Report                   ; 5000               ; 5000               ;
; Number of Swept Nodes Reported in Synthesis Report                         ; 5000               ; 5000               ;
; Number of Inverted Registers Reported in Synthesis Report                  ; 100                ; 100                ;
; Clock MUX Protection                                                       ; On                 ; On                 ;
; Auto Gated Clock Conversion                                                ; Off                ; Off                ;
; Block Design Naming                                                        ; Auto               ; Auto               ;
; SDC constraint protection                                                  ; Off                ; Off                ;
; Synthesis Effort                                                           ; Auto               ; Auto               ;
; Shift Register Replacement - Allow Asynchronous Clear Signal               ; On                 ; On                 ;
; Pre-Mapping Resynthesis Optimization                                       ; Off                ; Off                ;
; Analysis & Synthesis Message Level                                         ; Medium             ; Medium             ;
; Disable Register Merging Across Hierarchies                                ; Auto               ; Auto               ;
; Resource Aware Inference For Block RAM                                     ; On                 ; On                 ;
; Synthesis Seed                                                             ; 1                  ; 1                  ;
+----------------------------------------------------------------------------+--------------------+--------------------+


+-------------------------------------------------------------------------------------------------------------------------------------------------------------------------------+
; Analysis & Synthesis Source Files Read                                                                                                                                        ;
+----------------------------------+-----------------+------------------------------------+---------------------------------------------------------------------------+---------+
; File Name with User-Entered Path ; Used in Netlist ; File Type                          ; File Name with Absolute Path                                              ; Library ;
+----------------------------------+-----------------+------------------------------------+---------------------------------------------------------------------------+---------+
; lpm_counter2.vhd                 ; yes             ; User Wizard-Generated File         ; C:/Users/Alexandre/Desktop/digital-systems/fpga/lpm_counter2.vhd          ;         ;
; lpm_compare2.vhd                 ; yes             ; User Wizard-Generated File         ; C:/Users/Alexandre/Desktop/digital-systems/fpga/lpm_compare2.vhd          ;         ;
; pwm.bdf                          ; yes             ; User Block Diagram/Schematic File  ; C:/Users/Alexandre/Desktop/digital-systems/fpga/pwm.bdf                   ;         ;
; lpm_compare.tdf                  ; yes             ; Megafunction                       ; c:/altera/13.0sp1/quartus/libraries/megafunctions/lpm_compare.tdf         ;         ;
; comptree.inc                     ; yes             ; Megafunction                       ; c:/altera/13.0sp1/quartus/libraries/megafunctions/comptree.inc            ;         ;
; altshift.inc                     ; yes             ; Megafunction                       ; c:/altera/13.0sp1/quartus/libraries/megafunctions/altshift.inc            ;         ;
; aglobal130.inc                   ; yes             ; Megafunction                       ; c:/altera/13.0sp1/quartus/libraries/megafunctions/aglobal130.inc          ;         ;
; db/cmpr_okg.tdf                  ; yes             ; Auto-Generated Megafunction        ; C:/Users/Alexandre/Desktop/digital-systems/fpga/db/cmpr_okg.tdf           ;         ;
; lpm_counter.tdf                  ; yes             ; Megafunction                       ; c:/altera/13.0sp1/quartus/libraries/megafunctions/lpm_counter.tdf         ;         ;
; lpm_constant.inc                 ; yes             ; Megafunction                       ; c:/altera/13.0sp1/quartus/libraries/megafunctions/lpm_constant.inc        ;         ;
; lpm_decode.inc                   ; yes             ; Megafunction                       ; c:/altera/13.0sp1/quartus/libraries/megafunctions/lpm_decode.inc          ;         ;
; lpm_add_sub.inc                  ; yes             ; Megafunction                       ; c:/altera/13.0sp1/quartus/libraries/megafunctions/lpm_add_sub.inc         ;         ;
; cmpconst.inc                     ; yes             ; Megafunction                       ; c:/altera/13.0sp1/quartus/libraries/megafunctions/cmpconst.inc            ;         ;
; lpm_compare.inc                  ; yes             ; Megafunction                       ; c:/altera/13.0sp1/quartus/libraries/megafunctions/lpm_compare.inc         ;         ;
; lpm_counter.inc                  ; yes             ; Megafunction                       ; c:/altera/13.0sp1/quartus/libraries/megafunctions/lpm_counter.inc         ;         ;
; dffeea.inc                       ; yes             ; Megafunction                       ; c:/altera/13.0sp1/quartus/libraries/megafunctions/dffeea.inc              ;         ;
; alt_counter_stratix.inc          ; yes             ; Megafunction                       ; c:/altera/13.0sp1/quartus/libraries/megafunctions/alt_counter_stratix.inc ;         ;
; db/cntr_q1j.tdf                  ; yes             ; Auto-Generated Megafunction        ; C:/Users/Alexandre/Desktop/digital-systems/fpga/db/cntr_q1j.tdf           ;         ;
; db/cmpr_bcc.tdf                  ; yes             ; Auto-Generated Megafunction        ; C:/Users/Alexandre/Desktop/digital-systems/fpga/db/cmpr_bcc.tdf           ;         ;
+----------------------------------+-----------------+------------------------------------+---------------------------------------------------------------------------+---------+


+---------------------------------------------------------------------------------------------------------------------------------------+
; Analysis & Synthesis Resource Usage Summary                                                                                           ;
+---------------------------------------------+-----------------------------------------------------------------------------------------+
; Resource                                    ; Usage                                                                                   ;
+---------------------------------------------+-----------------------------------------------------------------------------------------+
; Estimated Total logic elements              ; 24                                                                                      ;
;                                             ;                                                                                         ;
; Total combinational functions               ; 24                                                                                      ;
; Logic element usage by number of LUT inputs ;                                                                                         ;
;     -- 4 input functions                    ; 5                                                                                       ;
;     -- 3 input functions                    ; 9                                                                                       ;
;     -- <=2 input functions                  ; 10                                                                                      ;
;                                             ;                                                                                         ;
; Logic elements by mode                      ;                                                                                         ;
;     -- normal mode                          ; 11                                                                                      ;
;     -- arithmetic mode                      ; 13                                                                                      ;
;                                             ;                                                                                         ;
; Total registers                             ; 7                                                                                       ;
;     -- Dedicated logic registers            ; 7                                                                                       ;
;     -- I/O registers                        ; 0                                                                                       ;
;                                             ;                                                                                         ;
; I/O pins                                    ; 16                                                                                      ;
; Embedded Multiplier 9-bit elements          ; 0                                                                                       ;
; Maximum fan-out node                        ; lpm_counter2:inst|lpm_counter:LPM_COUNTER_component|cntr_q1j:auto_generated|cout_actual ;
; Maximum fan-out                             ; 7                                                                                       ;
; Total fan-out                               ; 99                                                                                      ;
; Average fan-out                             ; 2.11                                                                                    ;
+---------------------------------------------+-----------------------------------------------------------------------------------------+


+------------------------------------------------------------------------------------------------------------------------------------------------------------------------------------------------------------------------------------------------------------------------+
; Analysis & Synthesis Resource Utilization by Entity                                                                                                                                                                                                                    ;
+-------------------------------------------+-------------------+--------------+-------------+--------------+---------+-----------+------+--------------+-------------------------------------------------------------------------------------------------+--------------+
; Compilation Hierarchy Node                ; LC Combinationals ; LC Registers ; Memory Bits ; DSP Elements ; DSP 9x9 ; DSP 18x18 ; Pins ; Virtual Pins ; Full Hierarchy Name                                                                             ; Library Name ;
+-------------------------------------------+-------------------+--------------+-------------+--------------+---------+-----------+------+--------------+-------------------------------------------------------------------------------------------------+--------------+
; |pwm                                      ; 24 (1)            ; 7 (0)        ; 0           ; 0            ; 0       ; 0         ; 16   ; 0            ; |pwm                                                                                            ; work         ;
;    |lpm_compare2:inst2|                   ; 12 (0)            ; 0 (0)        ; 0           ; 0            ; 0       ; 0         ; 0    ; 0            ; |pwm|lpm_compare2:inst2                                                                         ; work         ;
;       |lpm_compare:LPM_COMPARE_component| ; 12 (0)            ; 0 (0)        ; 0           ; 0            ; 0       ; 0         ; 0    ; 0            ; |pwm|lpm_compare2:inst2|lpm_compare:LPM_COMPARE_component                                       ; work         ;
;          |cmpr_okg:auto_generated|        ; 12 (12)           ; 0 (0)        ; 0           ; 0            ; 0       ; 0         ; 0    ; 0            ; |pwm|lpm_compare2:inst2|lpm_compare:LPM_COMPARE_component|cmpr_okg:auto_generated               ; work         ;
;    |lpm_counter2:inst|                    ; 11 (0)            ; 7 (0)        ; 0           ; 0            ; 0       ; 0         ; 0    ; 0            ; |pwm|lpm_counter2:inst                                                                          ; work         ;
;       |lpm_counter:LPM_COUNTER_component| ; 11 (0)            ; 7 (0)        ; 0           ; 0            ; 0       ; 0         ; 0    ; 0            ; |pwm|lpm_counter2:inst|lpm_counter:LPM_COUNTER_component                                        ; work         ;
;          |cntr_q1j:auto_generated|        ; 11 (9)            ; 7 (7)        ; 0           ; 0            ; 0       ; 0         ; 0    ; 0            ; |pwm|lpm_counter2:inst|lpm_counter:LPM_COUNTER_component|cntr_q1j:auto_generated                ; work         ;
;             |cmpr_bcc:cmpr2|              ; 2 (2)             ; 0 (0)        ; 0           ; 0            ; 0       ; 0         ; 0    ; 0            ; |pwm|lpm_counter2:inst|lpm_counter:LPM_COUNTER_component|cntr_q1j:auto_generated|cmpr_bcc:cmpr2 ; work         ;
+-------------------------------------------+-------------------+--------------+-------------+--------------+---------+-----------+------+--------------+-------------------------------------------------------------------------------------------------+--------------+
Note: For table entries with two numbers listed, the numbers in parentheses indicate the number of resources of the given type used by the specific entity alone. The numbers listed outside of parentheses indicate the total resources of the given type used by the specific entity and all of its sub-entities in the hierarchy.


+------------------------------------------------------------------------------------------------------------------------------------------------------------+
; Analysis & Synthesis IP Cores Summary                                                                                                                      ;
+--------+--------------+---------+--------------+--------------+-------------------------+------------------------------------------------------------------+
; Vendor ; IP Core Name ; Version ; Release Date ; License Type ; Entity Instance         ; IP Include File                                                  ;
+--------+--------------+---------+--------------+--------------+-------------------------+------------------------------------------------------------------+
; Altera ; LPM_COUNTER  ; 13.0    ; N/A          ; N/A          ; |pwm|lpm_counter2:inst  ; C:/Users/Alexandre/Desktop/digital-systems/fpga/lpm_counter2.vhd ;
; Altera ; LPM_COMPARE  ; 13.0    ; N/A          ; N/A          ; |pwm|lpm_compare2:inst2 ; C:/Users/Alexandre/Desktop/digital-systems/fpga/lpm_compare2.vhd ;
+--------+--------------+---------+--------------+--------------+-------------------------+------------------------------------------------------------------+


+------------------------------------------------------+
; General Register Statistics                          ;
+----------------------------------------------+-------+
; Statistic                                    ; Value ;
+----------------------------------------------+-------+
; Total registers                              ; 7     ;
; Number of registers using Synchronous Clear  ; 0     ;
; Number of registers using Synchronous Load   ; 7     ;
; Number of registers using Asynchronous Clear ; 0     ;
; Number of registers using Asynchronous Load  ; 0     ;
; Number of registers using Clock Enable       ; 0     ;
; Number of registers using Preset             ; 0     ;
+----------------------------------------------+-------+


+---------------------------------------------------------------------------------------------------+
; Parameter Settings for User Entity Instance: lpm_compare2:inst2|lpm_compare:LPM_COMPARE_component ;
+------------------------+------------+-------------------------------------------------------------+
; Parameter Name         ; Value      ; Type                                                        ;
+------------------------+------------+-------------------------------------------------------------+
; lpm_width              ; 7          ; Signed Integer                                              ;
; LPM_REPRESENTATION     ; UNSIGNED   ; Untyped                                                     ;
; LPM_PIPELINE           ; 0          ; Untyped                                                     ;
; CHAIN_SIZE             ; 8          ; Untyped                                                     ;
; ONE_INPUT_IS_CONSTANT  ; NO         ; Untyped                                                     ;
; CARRY_CHAIN            ; MANUAL     ; Untyped                                                     ;
; CASCADE_CHAIN          ; MANUAL     ; Untyped                                                     ;
; CARRY_CHAIN_LENGTH     ; 48         ; CARRY_CHAIN_LENGTH                                          ;
; CASCADE_CHAIN_LENGTH   ; 2          ; CASCADE_CHAIN_LENGTH                                        ;
; DEVICE_FAMILY          ; Cyclone II ; Untyped                                                     ;
; CBXI_PARAMETER         ; cmpr_okg   ; Untyped                                                     ;
; AUTO_CARRY_CHAINS      ; ON         ; AUTO_CARRY                                                  ;
; IGNORE_CARRY_BUFFERS   ; OFF        ; IGNORE_CARRY                                                ;
; AUTO_CASCADE_CHAINS    ; ON         ; AUTO_CASCADE                                                ;
; IGNORE_CASCADE_BUFFERS ; OFF        ; IGNORE_CASCADE                                              ;
+------------------------+------------+-------------------------------------------------------------+
Note: In order to hide this table in the UI and the text report file, please set the "Show Parameter Settings in Synthesis Report" option in "Analysis and Synthesis Settings -> More Settings" to "Off".


+--------------------------------------------------------------------------------------------------+
; Parameter Settings for User Entity Instance: lpm_counter2:inst|lpm_counter:LPM_COUNTER_component ;
+------------------------+-------------+-----------------------------------------------------------+
; Parameter Name         ; Value       ; Type                                                      ;
+------------------------+-------------+-----------------------------------------------------------+
; AUTO_CARRY_CHAINS      ; ON          ; AUTO_CARRY                                                ;
; IGNORE_CARRY_BUFFERS   ; OFF         ; IGNORE_CARRY                                              ;
; AUTO_CASCADE_CHAINS    ; ON          ; AUTO_CASCADE                                              ;
; IGNORE_CASCADE_BUFFERS ; OFF         ; IGNORE_CASCADE                                            ;
; LPM_WIDTH              ; 7           ; Signed Integer                                            ;
; LPM_DIRECTION          ; UP          ; Untyped                                                   ;
; LPM_MODULUS            ; 100         ; Signed Integer                                            ;
; LPM_AVALUE             ; UNUSED      ; Untyped                                                   ;
; LPM_SVALUE             ; UNUSED      ; Untyped                                                   ;
; LPM_PORT_UPDOWN        ; PORT_UNUSED ; Untyped                                                   ;
; DEVICE_FAMILY          ; Cyclone II  ; Untyped                                                   ;
; CARRY_CHAIN            ; MANUAL      ; Untyped                                                   ;
; CARRY_CHAIN_LENGTH     ; 48          ; CARRY_CHAIN_LENGTH                                        ;
; NOT_GATE_PUSH_BACK     ; ON          ; NOT_GATE_PUSH_BACK                                        ;
; CARRY_CNT_EN           ; SMART       ; Untyped                                                   ;
; LABWIDE_SCLR           ; ON          ; Untyped                                                   ;
; USE_NEW_VERSION        ; TRUE        ; Untyped                                                   ;
; CBXI_PARAMETER         ; cntr_q1j    ; Untyped                                                   ;
+------------------------+-------------+-----------------------------------------------------------+
Note: In order to hide this table in the UI and the text report file, please set the "Show Parameter Settings in Synthesis Report" option in "Analysis and Synthesis Settings -> More Settings" to "Off".


+-------------------------------+
; Elapsed Time Per Partition    ;
+----------------+--------------+
; Partition Name ; Elapsed Time ;
+----------------+--------------+
; Top            ; 00:00:00     ;
+----------------+--------------+


+-------------------------------+
; Analysis & Synthesis Messages ;
+-------------------------------+
Info: *******************************************************************
Info: Running Quartus II 64-Bit Analysis & Synthesis
    Info: Version 13.0.1 Build 232 06/12/2013 Service Pack 1 SJ Full Version
    Info: Processing started: Sat Jun 10 17:05:45 2017
Info: Command: quartus_map --read_settings_files=on --write_settings_files=off PU3 -c PU3
Info (20029): Only one processor detected - disabling parallel compilation
Info (12021): Found 1 design units, including 1 entities, in source file divisor_clock.bdf
    Info (12023): Found entity 1: divisor_clock
Info (12021): Found 1 design units, including 1 entities, in source file alfa.bdf
    Info (12023): Found entity 1: alfa
Info (12021): Found 1 design units, including 1 entities, in source file contador_180.bdf
    Info (12023): Found entity 1: contador_180
Info (12021): Found 1 design units, including 1 entities, in source file main.bdf
    Info (12023): Found entity 1: main
Info (12021): Found 1 design units, including 1 entities, in source file curva.bdf
    Info (12023): Found entity 1: curva
Info (12021): Found 2 design units, including 1 entities, in source file lpm_counter0.vhd
    Info (12022): Found design unit 1: lpm_counter0-SYN
    Info (12023): Found entity 1: lpm_counter0
Info (12021): Found 2 design units, including 1 entities, in source file lpm_compare0.vhd
    Info (12022): Found design unit 1: lpm_compare0-SYN
    Info (12023): Found entity 1: lpm_compare0
Info (12021): Found 2 design units, including 1 entities, in source file lpm_constant0.vhd
    Info (12022): Found design unit 1: lpm_constant0-SYN
    Info (12023): Found entity 1: lpm_constant0
Info (12021): Found 2 design units, including 1 entities, in source file lpm_counter1.vhd
    Info (12022): Found design unit 1: lpm_counter1-SYN
    Info (12023): Found entity 1: lpm_counter1
Info (12021): Found 2 design units, including 1 entities, in source file lpm_compare1.vhd
    Info (12022): Found design unit 1: lpm_compare1-SYN
    Info (12023): Found entity 1: lpm_compare1
Info (12021): Found 2 design units, including 1 entities, in source file lpm_divide0.vhd
    Info (12022): Found design unit 1: lpm_divide0-SYN
    Info (12023): Found entity 1: lpm_divide0
Info (12021): Found 20 design units, including 10 entities, in source file altfp_convert0.vhd
    Info (12022): Found design unit 1: altfp_convert0_altbarrel_shift_7rf-RTL
    Info (12022): Found design unit 2: altfp_convert0_altpriority_encoder_3v7-RTL
    Info (12022): Found design unit 3: altfp_convert0_altpriority_encoder_3e8-RTL
    Info (12022): Found design unit 4: altfp_convert0_altpriority_encoder_6v7-RTL
    Info (12022): Found design unit 5: altfp_convert0_altpriority_encoder_6e8-RTL
    Info (12022): Found design unit 6: altfp_convert0_altpriority_encoder_bv7-RTL
    Info (12022): Found design unit 7: altfp_convert0_altpriority_encoder_be8-RTL
    Info (12022): Found design unit 8: altfp_convert0_altpriority_encoder_rb6-RTL
    Info (12022): Found design unit 9: altfp_convert0_altfp_convert_tsm-RTL
    Info (12022): Found design unit 10: altfp_convert0-RTL
    Info (12023): Found entity 1: altfp_convert0_altbarrel_shift_7rf
    Info (12023): Found entity 2: altfp_convert0_altpriority_encoder_3v7
    Info (12023): Found entity 3: altfp_convert0_altpriority_encoder_3e8
    Info (12023): Found entity 4: altfp_convert0_altpriority_encoder_6v7
    Info (12023): Found entity 5: altfp_convert0_altpriority_encoder_6e8
    Info (12023): Found entity 6: altfp_convert0_altpriority_encoder_bv7
    Info (12023): Found entity 7: altfp_convert0_altpriority_encoder_be8
    Info (12023): Found entity 8: altfp_convert0_altpriority_encoder_rb6
    Info (12023): Found entity 9: altfp_convert0_altfp_convert_tsm
    Info (12023): Found entity 10: altfp_convert0
Info (12021): Found 4 design units, including 2 entities, in source file lpm_constant1.vhd
    Info (12022): Found design unit 1: lpm_constant1_lpm_constant_l49-RTL
    Info (12022): Found design unit 2: lpm_constant1-RTL
    Info (12023): Found entity 1: lpm_constant1_lpm_constant_l49
    Info (12023): Found entity 2: lpm_constant1
Info (12021): Found 4 design units, including 2 entities, in source file lpm_constant2.vhd
    Info (12022): Found design unit 1: lpm_constant2_lpm_constant_o39-RTL
    Info (12022): Found design unit 2: lpm_constant2-RTL
    Info (12023): Found entity 1: lpm_constant2_lpm_constant_o39
    Info (12023): Found entity 2: lpm_constant2
Info (12021): Found 4 design units, including 2 entities, in source file altfp_mult0.vhd
    Info (12022): Found design unit 1: altfp_mult0_altfp_mult_oon-RTL
    Info (12022): Found design unit 2: altfp_mult0-RTL
    Info (12023): Found entity 1: altfp_mult0_altfp_mult_oon
    Info (12023): Found entity 2: altfp_mult0
Info (12021): Found 44 design units, including 22 entities, in source file altfp_add_sub0.vhd
    Info (12022): Found design unit 1: altfp_add_sub0_altbarrel_shift_h0e-RTL
    Info (12022): Found design unit 2: altfp_add_sub0_altbarrel_shift_n3g-RTL
    Info (12022): Found design unit 3: altfp_add_sub0_altpriority_encoder_3e8-RTL
    Info (12022): Found design unit 4: altfp_add_sub0_altpriority_encoder_6e8-RTL
    Info (12022): Found design unit 5: altfp_add_sub0_altpriority_encoder_be8-RTL
    Info (12022): Found design unit 6: altfp_add_sub0_altpriority_encoder_3v7-RTL
    Info (12022): Found design unit 7: altfp_add_sub0_altpriority_encoder_6v7-RTL
    Info (12022): Found design unit 8: altfp_add_sub0_altpriority_encoder_bv7-RTL
    Info (12022): Found design unit 9: altfp_add_sub0_altpriority_encoder_uv8-RTL
    Info (12022): Found design unit 10: altfp_add_sub0_altpriority_encoder_ue9-RTL
    Info (12022): Found design unit 11: altfp_add_sub0_altpriority_encoder_ou8-RTL
    Info (12022): Found design unit 12: altfp_add_sub0_altpriority_encoder_nh8-RTL
    Info (12022): Found design unit 13: altfp_add_sub0_altpriority_encoder_qh8-RTL
    Info (12022): Found design unit 14: altfp_add_sub0_altpriority_encoder_vh8-RTL
    Info (12022): Found design unit 15: altfp_add_sub0_altpriority_encoder_ii9-RTL
    Info (12022): Found design unit 16: altfp_add_sub0_altpriority_encoder_n28-RTL
    Info (12022): Found design unit 17: altfp_add_sub0_altpriority_encoder_q28-RTL
    Info (12022): Found design unit 18: altfp_add_sub0_altpriority_encoder_v28-RTL
    Info (12022): Found design unit 19: altfp_add_sub0_altpriority_encoder_i39-RTL
    Info (12022): Found design unit 20: altfp_add_sub0_altpriority_encoder_cna-RTL
    Info (12022): Found design unit 21: altfp_add_sub0_altfp_add_sub_12j-RTL
    Info (12022): Found design unit 22: altfp_add_sub0-RTL
    Info (12023): Found entity 1: altfp_add_sub0_altbarrel_shift_h0e
    Info (12023): Found entity 2: altfp_add_sub0_altbarrel_shift_n3g
    Info (12023): Found entity 3: altfp_add_sub0_altpriority_encoder_3e8
    Info (12023): Found entity 4: altfp_add_sub0_altpriority_encoder_6e8
    Info (12023): Found entity 5: altfp_add_sub0_altpriority_encoder_be8
    Info (12023): Found entity 6: altfp_add_sub0_altpriority_encoder_3v7
    Info (12023): Found entity 7: altfp_add_sub0_altpriority_encoder_6v7
    Info (12023): Found entity 8: altfp_add_sub0_altpriority_encoder_bv7
    Info (12023): Found entity 9: altfp_add_sub0_altpriority_encoder_uv8
    Info (12023): Found entity 10: altfp_add_sub0_altpriority_encoder_ue9
    Info (12023): Found entity 11: altfp_add_sub0_altpriority_encoder_ou8
    Info (12023): Found entity 12: altfp_add_sub0_altpriority_encoder_nh8
    Info (12023): Found entity 13: altfp_add_sub0_altpriority_encoder_qh8
    Info (12023): Found entity 14: altfp_add_sub0_altpriority_encoder_vh8
    Info (12023): Found entity 15: altfp_add_sub0_altpriority_encoder_ii9
    Info (12023): Found entity 16: altfp_add_sub0_altpriority_encoder_n28
    Info (12023): Found entity 17: altfp_add_sub0_altpriority_encoder_q28
    Info (12023): Found entity 18: altfp_add_sub0_altpriority_encoder_v28
    Info (12023): Found entity 19: altfp_add_sub0_altpriority_encoder_i39
    Info (12023): Found entity 20: altfp_add_sub0_altpriority_encoder_cna
    Info (12023): Found entity 21: altfp_add_sub0_altfp_add_sub_12j
    Info (12023): Found entity 22: altfp_add_sub0
Info (12021): Found 2 design units, including 1 entities, in source file lpm_counter2.vhd
    Info (12022): Found design unit 1: lpm_counter2-SYN
    Info (12023): Found entity 1: lpm_counter2
Info (12021): Found 2 design units, including 1 entities, in source file lpm_compare2.vhd
    Info (12022): Found design unit 1: lpm_compare2-SYN
    Info (12023): Found entity 1: lpm_compare2
Info (12021): Found 2 design units, including 1 entities, in source file lpm_mult0.vhd
    Info (12022): Found design unit 1: lpm_mult0-SYN
    Info (12023): Found entity 1: lpm_mult0
Info (12021): Found 1 design units, including 1 entities, in source file pwm.bdf
    Info (12023): Found entity 1: pwm
Info (12127): Elaborating entity "pwm" for the top level hierarchy
Info (12128): Elaborating entity "lpm_compare2" for hierarchy "lpm_compare2:inst2"
Info (12128): Elaborating entity "lpm_compare" for hierarchy "lpm_compare2:inst2|lpm_compare:LPM_COMPARE_component"
Info (12130): Elaborated megafunction instantiation "lpm_compare2:inst2|lpm_compare:LPM_COMPARE_component"
Info (12133): Instantiated megafunction "lpm_compare2:inst2|lpm_compare:LPM_COMPARE_component" with the following parameter:
    Info (12134): Parameter "lpm_representation" = "UNSIGNED"
    Info (12134): Parameter "lpm_type" = "LPM_COMPARE"
    Info (12134): Parameter "lpm_width" = "7"
Info (12021): Found 1 design units, including 1 entities, in source file db/cmpr_okg.tdf
    Info (12023): Found entity 1: cmpr_okg
Info (12128): Elaborating entity "cmpr_okg" for hierarchy "lpm_compare2:inst2|lpm_compare:LPM_COMPARE_component|cmpr_okg:auto_generated"
Info (12128): Elaborating entity "lpm_counter2" for hierarchy "lpm_counter2:inst"
Info (12128): Elaborating entity "lpm_counter" for hierarchy "lpm_counter2:inst|lpm_counter:LPM_COUNTER_component"
Info (12130): Elaborated megafunction instantiation "lpm_counter2:inst|lpm_counter:LPM_COUNTER_component"
Info (12133): Instantiated megafunction "lpm_counter2:inst|lpm_counter:LPM_COUNTER_component" with the following parameter:
    Info (12134): Parameter "lpm_direction" = "UP"
    Info (12134): Parameter "lpm_modulus" = "100"
    Info (12134): Parameter "lpm_port_updown" = "PORT_UNUSED"
    Info (12134): Parameter "lpm_type" = "LPM_COUNTER"
    Info (12134): Parameter "lpm_width" = "7"
Info (12021): Found 1 design units, including 1 entities, in source file db/cntr_q1j.tdf
    Info (12023): Found entity 1: cntr_q1j
Info (12128): Elaborating entity "cntr_q1j" for hierarchy "lpm_counter2:inst|lpm_counter:LPM_COUNTER_component|cntr_q1j:auto_generated"
Info (12021): Found 1 design units, including 1 entities, in source file db/cmpr_bcc.tdf
    Info (12023): Found entity 1: cmpr_bcc
Info (12128): Elaborating entity "cmpr_bcc" for hierarchy "lpm_counter2:inst|lpm_counter:LPM_COUNTER_component|cntr_q1j:auto_generated|cmpr_bcc:cmpr2"
Info (16010): Generating hard_block partition "hard_block:auto_generated_inst"
    Info (16011): Adding 0 node(s), including 0 DDIO, 0 PLL, 0 transceiver and 0 LCELL
Info (21057): Implemented 40 device resources after synthesis - the final resource count might be different
    Info (21058): Implemented 8 input pins
    Info (21059): Implemented 8 output pins
    Info (21061): Implemented 24 logic cells
Info: Quartus II 64-Bit Analysis & Synthesis was successful. 0 errors, 0 warnings
    Info: Peak virtual memory: 496 megabytes
    Info: Processing ended: Sat Jun 10 17:05:48 2017
    Info: Elapsed time: 00:00:03
    Info: Total CPU time (on all processors): 00:00:03


