Flow report for PU3
Fri Jun 16 16:29:24 2017
Quartus II 64-Bit Version 13.0.0 Build 156 04/24/2013 SJ Web Edition


---------------------
; Table of Contents ;
---------------------
  1. Legal Notice
  2. Flow Summary
  3. Flow Settings
  4. Flow Non-Default Global Settings
  5. Flow Elapsed Time
  6. Flow OS Summary
  7. Flow Log
  8. Flow Messages
  9. Flow Suppressed Messages



----------------
; Legal Notice ;
----------------
Copyright (C) 1991-2013 Altera Corporation
Your use of Altera Corporation's design tools, logic functions 
and other software and tools, and its AMPP partner logic 
functions, and any output files from any of the foregoing 
(including device programming or simulation files), and any 
associated documentation or information are expressly subject 
to the terms and conditions of the Altera Program License 
Subscription Agreement, Altera MegaCore Function License 
Agreement, or other applicable license agreement, including, 
without limitation, that your use is for the sole purpose of 
programming logic devices manufactured by Altera and sold by 
Altera or its authorized distributors.  Please refer to the 
applicable agreement for further details.



+---------------------------------------------------------------------------------+
; Flow Summary                                                                    ;
+------------------------------------+--------------------------------------------+
; Flow Status                        ; Successful - Fri Jun 16 16:29:24 2017      ;
; Quartus II 64-Bit Version          ; 13.0.0 Build 156 04/24/2013 SJ Web Edition ;
; Revision Name                      ; PU3                                        ;
; Top-level Entity Name              ; main                                       ;
; Family                             ; Cyclone II                                 ;
; Device                             ; EP2C35F672C6                               ;
; Timing Models                      ; Final                                      ;
; Total logic elements               ; 3,021 / 33,216 ( 9 % )                     ;
;     Total combinational functions  ; 2,663 / 33,216 ( 8 % )                     ;
;     Dedicated logic registers      ; 2,197 / 33,216 ( 7 % )                     ;
; Total registers                    ; 2197                                       ;
; Total pins                         ; 15 / 475 ( 3 % )                           ;
; Total virtual pins                 ; 0                                          ;
; Total memory bits                  ; 568 / 483,840 ( < 1 % )                    ;
; Embedded Multiplier 9-bit elements ; 14 / 70 ( 20 % )                           ;
; Total PLLs                         ; 0 / 4 ( 0 % )                              ;
+------------------------------------+--------------------------------------------+


+-----------------------------------------+
; Flow Settings                           ;
+-------------------+---------------------+
; Option            ; Setting             ;
+-------------------+---------------------+
; Start date & time ; 06/16/2017 16:28:11 ;
; Main task         ; Compilation         ;
; Revision Name     ; PU3                 ;
+-------------------+---------------------+


+----------------------------------------------------------------------------------------------------------------------------+
; Flow Non-Default Global Settings                                                                                           ;
+-------------------------------------+---------------------------------------+---------------+-------------+----------------+
; Assignment Name                     ; Value                                 ; Default Value ; Entity Name ; Section Id     ;
+-------------------------------------+---------------------------------------+---------------+-------------+----------------+
; COMPILER_SIGNATURE_ID               ; 48549633040080.149764129102252        ; --            ; --          ; --             ;
; EDA_OUTPUT_DATA_FORMAT              ; Vhdl                                  ; --            ; --          ; eda_simulation ;
; EDA_SIMULATION_TOOL                 ; ModelSim-Altera (VHDL)                ; <None>        ; --          ; --             ;
; IP_TOOL_NAME                        ; LPM_COUNTER                           ; --            ; --          ; --             ;
; IP_TOOL_NAME                        ; LPM_COMPARE                           ; --            ; --          ; --             ;
; IP_TOOL_NAME                        ; LPM_CONSTANT                          ; --            ; --          ; --             ;
; IP_TOOL_NAME                        ; LPM_COUNTER                           ; --            ; --          ; --             ;
; IP_TOOL_NAME                        ; LPM_COMPARE                           ; --            ; --          ; --             ;
; IP_TOOL_NAME                        ; LPM_DIVIDE                            ; --            ; --          ; --             ;
; IP_TOOL_NAME                        ; ALTFP_CONVERT                         ; --            ; --          ; --             ;
; IP_TOOL_NAME                        ; LPM_CONSTANT                          ; --            ; --          ; --             ;
; IP_TOOL_NAME                        ; LPM_CONSTANT                          ; --            ; --          ; --             ;
; IP_TOOL_NAME                        ; ALTFP_MULT                            ; --            ; --          ; --             ;
; IP_TOOL_NAME                        ; ALTFP_ADD_SUB                         ; --            ; --          ; --             ;
; IP_TOOL_NAME                        ; LPM_COUNTER                           ; --            ; --          ; --             ;
; IP_TOOL_NAME                        ; LPM_COMPARE                           ; --            ; --          ; --             ;
; IP_TOOL_NAME                        ; LPM_MULT                              ; --            ; --          ; --             ;
; IP_TOOL_NAME                        ; LPM_CONSTANT                          ; --            ; --          ; --             ;
; IP_TOOL_NAME                        ; LPM_CONSTANT                          ; --            ; --          ; --             ;
; IP_TOOL_NAME                        ; LPM_CONSTANT                          ; --            ; --          ; --             ;
; IP_TOOL_NAME                        ; LPM_CONSTANT                          ; --            ; --          ; --             ;
; IP_TOOL_NAME                        ; LPM_CONSTANT                          ; --            ; --          ; --             ;
; IP_TOOL_NAME                        ; LPM_COMPARE                           ; --            ; --          ; --             ;
; IP_TOOL_NAME                        ; LPM_COMPARE                           ; --            ; --          ; --             ;
; IP_TOOL_NAME                        ; LPM_MUX                               ; --            ; --          ; --             ;
; IP_TOOL_NAME                        ; LPM_CONSTANT                          ; --            ; --          ; --             ;
; IP_TOOL_NAME                        ; LPM_CONSTANT                          ; --            ; --          ; --             ;
; IP_TOOL_NAME                        ; LPM_CONSTANT                          ; --            ; --          ; --             ;
; IP_TOOL_NAME                        ; LPM_CONSTANT                          ; --            ; --          ; --             ;
; IP_TOOL_NAME                        ; LPM_CONSTANT                          ; --            ; --          ; --             ;
; IP_TOOL_NAME                        ; ALTFP_CONVERT                         ; --            ; --          ; --             ;
; IP_TOOL_NAME                        ; LPM_CONSTANT                          ; --            ; --          ; --             ;
; IP_TOOL_NAME                        ; ALTFP_MULT                            ; --            ; --          ; --             ;
; IP_TOOL_NAME                        ; LPM_CONSTANT                          ; --            ; --          ; --             ;
; IP_TOOL_NAME                        ; ALTFP_ADD_SUB                         ; --            ; --          ; --             ;
; IP_TOOL_NAME                        ; ALTFP_CONVERT                         ; --            ; --          ; --             ;
; IP_TOOL_NAME                        ; LPM_CONSTANT                          ; --            ; --          ; --             ;
; IP_TOOL_NAME                        ; LPM_CONSTANT                          ; --            ; --          ; --             ;
; IP_TOOL_NAME                        ; LPM_CONSTANT                          ; --            ; --          ; --             ;
; IP_TOOL_NAME                        ; LPM_CONSTANT                          ; --            ; --          ; --             ;
; IP_TOOL_NAME                        ; ALTFP_ADD_SUB                         ; --            ; --          ; --             ;
; IP_TOOL_VERSION                     ; 13.0                                  ; --            ; --          ; --             ;
; IP_TOOL_VERSION                     ; 13.0                                  ; --            ; --          ; --             ;
; IP_TOOL_VERSION                     ; 13.0                                  ; --            ; --          ; --             ;
; IP_TOOL_VERSION                     ; 13.0                                  ; --            ; --          ; --             ;
; IP_TOOL_VERSION                     ; 13.0                                  ; --            ; --          ; --             ;
; IP_TOOL_VERSION                     ; 13.0                                  ; --            ; --          ; --             ;
; IP_TOOL_VERSION                     ; 13.0                                  ; --            ; --          ; --             ;
; IP_TOOL_VERSION                     ; 13.0                                  ; --            ; --          ; --             ;
; IP_TOOL_VERSION                     ; 13.0                                  ; --            ; --          ; --             ;
; IP_TOOL_VERSION                     ; 13.0                                  ; --            ; --          ; --             ;
; IP_TOOL_VERSION                     ; 13.0                                  ; --            ; --          ; --             ;
; IP_TOOL_VERSION                     ; 13.0                                  ; --            ; --          ; --             ;
; IP_TOOL_VERSION                     ; 13.0                                  ; --            ; --          ; --             ;
; IP_TOOL_VERSION                     ; 13.0                                  ; --            ; --          ; --             ;
; IP_TOOL_VERSION                     ; 13.0                                  ; --            ; --          ; --             ;
; IP_TOOL_VERSION                     ; 13.0                                  ; --            ; --          ; --             ;
; IP_TOOL_VERSION                     ; 13.0                                  ; --            ; --          ; --             ;
; IP_TOOL_VERSION                     ; 13.0                                  ; --            ; --          ; --             ;
; IP_TOOL_VERSION                     ; 13.0                                  ; --            ; --          ; --             ;
; IP_TOOL_VERSION                     ; 13.0                                  ; --            ; --          ; --             ;
; IP_TOOL_VERSION                     ; 13.0                                  ; --            ; --          ; --             ;
; IP_TOOL_VERSION                     ; 13.0                                  ; --            ; --          ; --             ;
; IP_TOOL_VERSION                     ; 13.0                                  ; --            ; --          ; --             ;
; IP_TOOL_VERSION                     ; 13.0                                  ; --            ; --          ; --             ;
; IP_TOOL_VERSION                     ; 13.0                                  ; --            ; --          ; --             ;
; IP_TOOL_VERSION                     ; 13.0                                  ; --            ; --          ; --             ;
; IP_TOOL_VERSION                     ; 13.0                                  ; --            ; --          ; --             ;
; IP_TOOL_VERSION                     ; 13.0                                  ; --            ; --          ; --             ;
; IP_TOOL_VERSION                     ; 13.0                                  ; --            ; --          ; --             ;
; IP_TOOL_VERSION                     ; 13.0                                  ; --            ; --          ; --             ;
; IP_TOOL_VERSION                     ; 13.0                                  ; --            ; --          ; --             ;
; IP_TOOL_VERSION                     ; 13.0                                  ; --            ; --          ; --             ;
; IP_TOOL_VERSION                     ; 13.0                                  ; --            ; --          ; --             ;
; IP_TOOL_VERSION                     ; 13.0                                  ; --            ; --          ; --             ;
; IP_TOOL_VERSION                     ; 13.0                                  ; --            ; --          ; --             ;
; IP_TOOL_VERSION                     ; 13.0                                  ; --            ; --          ; --             ;
; IP_TOOL_VERSION                     ; 13.0                                  ; --            ; --          ; --             ;
; IP_TOOL_VERSION                     ; 13.0                                  ; --            ; --          ; --             ;
; MAX_CORE_JUNCTION_TEMP              ; 85                                    ; --            ; --          ; --             ;
; MIN_CORE_JUNCTION_TEMP              ; 0                                     ; --            ; --          ; --             ;
; MISC_FILE                           ; lpm_counter0.bsf                      ; --            ; --          ; --             ;
; MISC_FILE                           ; lpm_counter0.cmp                      ; --            ; --          ; --             ;
; MISC_FILE                           ; lpm_compare0.bsf                      ; --            ; --          ; --             ;
; MISC_FILE                           ; lpm_compare0.cmp                      ; --            ; --          ; --             ;
; MISC_FILE                           ; lpm_constant0.bsf                     ; --            ; --          ; --             ;
; MISC_FILE                           ; lpm_constant0.cmp                     ; --            ; --          ; --             ;
; MISC_FILE                           ; lpm_counter1.bsf                      ; --            ; --          ; --             ;
; MISC_FILE                           ; lpm_counter1.cmp                      ; --            ; --          ; --             ;
; MISC_FILE                           ; lpm_compare1.bsf                      ; --            ; --          ; --             ;
; MISC_FILE                           ; lpm_compare1.cmp                      ; --            ; --          ; --             ;
; MISC_FILE                           ; lpm_divide0.bsf                       ; --            ; --          ; --             ;
; MISC_FILE                           ; lpm_divide0.cmp                       ; --            ; --          ; --             ;
; MISC_FILE                           ; altfp_convert0.bsf                    ; --            ; --          ; --             ;
; MISC_FILE                           ; altfp_convert0_inst.vhd               ; --            ; --          ; --             ;
; MISC_FILE                           ; altfp_convert0.inc                    ; --            ; --          ; --             ;
; MISC_FILE                           ; altfp_convert0.cmp                    ; --            ; --          ; --             ;
; MISC_FILE                           ; lpm_constant1.bsf                     ; --            ; --          ; --             ;
; MISC_FILE                           ; lpm_constant1.cmp                     ; --            ; --          ; --             ;
; MISC_FILE                           ; lpm_constant2.bsf                     ; --            ; --          ; --             ;
; MISC_FILE                           ; lpm_constant2.cmp                     ; --            ; --          ; --             ;
; MISC_FILE                           ; altfp_mult0.bsf                       ; --            ; --          ; --             ;
; MISC_FILE                           ; altfp_mult0_inst.vhd                  ; --            ; --          ; --             ;
; MISC_FILE                           ; altfp_mult0.inc                       ; --            ; --          ; --             ;
; MISC_FILE                           ; altfp_mult0.cmp                       ; --            ; --          ; --             ;
; MISC_FILE                           ; altfp_add_sub0.bsf                    ; --            ; --          ; --             ;
; MISC_FILE                           ; altfp_add_sub0.cmp                    ; --            ; --          ; --             ;
; MISC_FILE                           ; lpm_counter2.bsf                      ; --            ; --          ; --             ;
; MISC_FILE                           ; lpm_counter2.cmp                      ; --            ; --          ; --             ;
; MISC_FILE                           ; lpm_compare2.bsf                      ; --            ; --          ; --             ;
; MISC_FILE                           ; lpm_compare2.cmp                      ; --            ; --          ; --             ;
; MISC_FILE                           ; lpm_mult0.bsf                         ; --            ; --          ; --             ;
; MISC_FILE                           ; lpm_mult0.cmp                         ; --            ; --          ; --             ;
; MISC_FILE                           ; lpm_constant3.bsf                     ; --            ; --          ; --             ;
; MISC_FILE                           ; lpm_constant3.cmp                     ; --            ; --          ; --             ;
; MISC_FILE                           ; lpm_constant4.bsf                     ; --            ; --          ; --             ;
; MISC_FILE                           ; lpm_constant4.cmp                     ; --            ; --          ; --             ;
; MISC_FILE                           ; lpm_constant5.bsf                     ; --            ; --          ; --             ;
; MISC_FILE                           ; lpm_constant5.cmp                     ; --            ; --          ; --             ;
; MISC_FILE                           ; lpm_constant6.bsf                     ; --            ; --          ; --             ;
; MISC_FILE                           ; lpm_constant6.cmp                     ; --            ; --          ; --             ;
; MISC_FILE                           ; lpm_constant7.bsf                     ; --            ; --          ; --             ;
; MISC_FILE                           ; lpm_constant7.cmp                     ; --            ; --          ; --             ;
; MISC_FILE                           ; lpm_compare3.bsf                      ; --            ; --          ; --             ;
; MISC_FILE                           ; lpm_compare3.cmp                      ; --            ; --          ; --             ;
; MISC_FILE                           ; lpm_compare4.bsf                      ; --            ; --          ; --             ;
; MISC_FILE                           ; lpm_compare4.cmp                      ; --            ; --          ; --             ;
; MISC_FILE                           ; lpm_mux0.bsf                          ; --            ; --          ; --             ;
; MISC_FILE                           ; lpm_mux0.cmp                          ; --            ; --          ; --             ;
; MISC_FILE                           ; lpm_constant8.bsf                     ; --            ; --          ; --             ;
; MISC_FILE                           ; lpm_constant8.cmp                     ; --            ; --          ; --             ;
; MISC_FILE                           ; lpm_constant9.bsf                     ; --            ; --          ; --             ;
; MISC_FILE                           ; lpm_constant9.cmp                     ; --            ; --          ; --             ;
; MISC_FILE                           ; lpm_constant10.bsf                    ; --            ; --          ; --             ;
; MISC_FILE                           ; lpm_constant10.cmp                    ; --            ; --          ; --             ;
; MISC_FILE                           ; lpm_constant11.bsf                    ; --            ; --          ; --             ;
; MISC_FILE                           ; lpm_constant11.cmp                    ; --            ; --          ; --             ;
; MISC_FILE                           ; lpm_constant12.bsf                    ; --            ; --          ; --             ;
; MISC_FILE                           ; lpm_constant12.cmp                    ; --            ; --          ; --             ;
; MISC_FILE                           ; altfp_convert1.bsf                    ; --            ; --          ; --             ;
; MISC_FILE                           ; altfp_convert1_inst.vhd               ; --            ; --          ; --             ;
; MISC_FILE                           ; altfp_convert1.inc                    ; --            ; --          ; --             ;
; MISC_FILE                           ; altfp_convert1.cmp                    ; --            ; --          ; --             ;
; MISC_FILE                           ; lpm_constant13.bsf                    ; --            ; --          ; --             ;
; MISC_FILE                           ; lpm_constant13.cmp                    ; --            ; --          ; --             ;
; MISC_FILE                           ; altfp_mult1.bsf                       ; --            ; --          ; --             ;
; MISC_FILE                           ; altfp_mult1_inst.vhd                  ; --            ; --          ; --             ;
; MISC_FILE                           ; altfp_mult1.inc                       ; --            ; --          ; --             ;
; MISC_FILE                           ; altfp_mult1.cmp                       ; --            ; --          ; --             ;
; MISC_FILE                           ; lpm_constant14.bsf                    ; --            ; --          ; --             ;
; MISC_FILE                           ; lpm_constant14.cmp                    ; --            ; --          ; --             ;
; MISC_FILE                           ; altfp_add_sub1.bsf                    ; --            ; --          ; --             ;
; MISC_FILE                           ; altfp_add_sub1.cmp                    ; --            ; --          ; --             ;
; MISC_FILE                           ; altfp_convert2.bsf                    ; --            ; --          ; --             ;
; MISC_FILE                           ; altfp_convert2_inst.vhd               ; --            ; --          ; --             ;
; MISC_FILE                           ; altfp_convert2.inc                    ; --            ; --          ; --             ;
; MISC_FILE                           ; altfp_convert2.cmp                    ; --            ; --          ; --             ;
; MISC_FILE                           ; lpm_constant15.bsf                    ; --            ; --          ; --             ;
; MISC_FILE                           ; lpm_constant15.cmp                    ; --            ; --          ; --             ;
; MISC_FILE                           ; lpm_constant16.bsf                    ; --            ; --          ; --             ;
; MISC_FILE                           ; lpm_constant16.cmp                    ; --            ; --          ; --             ;
; MISC_FILE                           ; lpm_constant17.bsf                    ; --            ; --          ; --             ;
; MISC_FILE                           ; lpm_constant17.cmp                    ; --            ; --          ; --             ;
; MISC_FILE                           ; lpm_constant18.bsf                    ; --            ; --          ; --             ;
; MISC_FILE                           ; lpm_constant18.cmp                    ; --            ; --          ; --             ;
; MISC_FILE                           ; altfp_add_sub2.bsf                    ; --            ; --          ; --             ;
; MISC_FILE                           ; altfp_add_sub2.cmp                    ; --            ; --          ; --             ;
; PARTITION_COLOR                     ; 16764057                              ; --            ; main        ; Top            ;
; PARTITION_FITTER_PRESERVATION_LEVEL ; PLACEMENT_AND_ROUTING                 ; --            ; main        ; Top            ;
; PARTITION_NETLIST_TYPE              ; SOURCE                                ; --            ; main        ; Top            ;
; POWER_BOARD_THERMAL_MODEL           ; None (CONSERVATIVE)                   ; --            ; --          ; --             ;
; POWER_PRESET_COOLING_SOLUTION       ; 23 MM HEAT SINK WITH 200 LFPM AIRFLOW ; --            ; --          ; --             ;
; PROJECT_OUTPUT_DIRECTORY            ; output_files                          ; --            ; --          ; --             ;
; TOP_LEVEL_ENTITY                    ; main                                  ; PU3           ; --          ; --             ;
+-------------------------------------+---------------------------------------+---------------+-------------+----------------+


+-------------------------------------------------------------------------------------------------------------------------------+
; Flow Elapsed Time                                                                                                             ;
+---------------------------+--------------+-------------------------+---------------------+------------------------------------+
; Module Name               ; Elapsed Time ; Average Processors Used ; Peak Virtual Memory ; Total CPU Time (on all processors) ;
+---------------------------+--------------+-------------------------+---------------------+------------------------------------+
; Analysis & Synthesis      ; 00:00:19     ; 1.0                     ; 578 MB              ; 00:00:19                           ;
; Fitter                    ; 00:00:38     ; 1.0                     ; 702 MB              ; 00:00:38                           ;
; Assembler                 ; 00:00:03     ; 1.0                     ; 424 MB              ; 00:00:03                           ;
; TimeQuest Timing Analyzer ; 00:00:02     ; 1.0                     ; 433 MB              ; 00:00:02                           ;
; EDA Netlist Writer        ; 00:00:03     ; 1.0                     ; 418 MB              ; 00:00:03                           ;
; Total                     ; 00:01:05     ; --                      ; --                  ; 00:01:05                           ;
+---------------------------+--------------+-------------------------+---------------------+------------------------------------+


+----------------------------------------------------------------------------------------+
; Flow OS Summary                                                                        ;
+---------------------------+------------------+-----------+------------+----------------+
; Module Name               ; Machine Hostname ; OS Name   ; OS Version ; Processor type ;
+---------------------------+------------------+-----------+------------+----------------+
; Analysis & Synthesis      ; LHR06            ; Windows 7 ; 6.1        ; x86_64         ;
; Fitter                    ; LHR06            ; Windows 7 ; 6.1        ; x86_64         ;
; Assembler                 ; LHR06            ; Windows 7 ; 6.1        ; x86_64         ;
; TimeQuest Timing Analyzer ; LHR06            ; Windows 7 ; 6.1        ; x86_64         ;
; EDA Netlist Writer        ; LHR06            ; Windows 7 ; 6.1        ; x86_64         ;
+---------------------------+------------------+-----------+------------+----------------+


------------
; Flow Log ;
------------
quartus_map --read_settings_files=on --write_settings_files=off PU3 -c PU3
quartus_fit --read_settings_files=off --write_settings_files=off PU3 -c PU3
quartus_asm --read_settings_files=off --write_settings_files=off PU3 -c PU3
quartus_sta PU3 -c PU3
quartus_eda --read_settings_files=off --write_settings_files=off PU3 -c PU3



